#
# There is insufficient memory for the Java Runtime Environment to continue.
# Native memory allocation (mmap) failed to map 266338304 bytes. Error detail: G1 virtual space
# Possible reasons:
#   The system is out of physical RAM or swap space
#   This process is running with CompressedOops enabled, and the Java Heap may be blocking the growth of the native heap
# Possible solutions:
#   Reduce memory load on the system
#   Increase physical memory or swap space
#   Check if swap backing store is full
#   Decrease Java heap size (-Xmx/-Xms)
#   Decrease number of Java threads
#   Decrease Java thread stack sizes (-Xss)
#   Set larger code cache with -XX:ReservedCodeCacheSize=
#   JVM is running with Zero Based Compressed Oops mode in which the Java heap is
#     placed in the first 32GB address space. The Java Heap base address is the
#     maximum limit for the native heap growth. Please use -XX:HeapBaseMinAddress
#     to set the Java Heap base and to place the Java Heap above 32GB virtual address.
# This output file may be truncated or incomplete.
#
#  Out of Memory Error (os_windows.cpp:3616), pid=20880, tid=25984
#
# JRE version:  (21.0.4+7) (build )
# Java VM: OpenJDK 64-Bit Server VM (21.0.4+7-LTS, mixed mode, sharing, tiered, compressed oops, compressed class ptrs, g1 gc, windows-amd64)
# No core dump will be written. Minidumps are not enabled by default on client versions of Windows
#

---------------  S U M M A R Y ------------

Command Line: -XX:+ShowCodeDetailsInExceptionMessages com.example.chatapp.ChatappApplication

Host: Intel(R) Core(TM) i5-10300H CPU @ 2.50GHz, 8 cores, 15G,  Windows 11 , 64 bit Build 22621 (10.0.22621.3958)
Time: Sat Sep 28 21:44:19 2024 India Standard Time elapsed time: 0.010193 seconds (0d 0h 0m 0s)

---------------  T H R E A D  ---------------

Current thread (0x00000243ccf21980):  JavaThread "Unknown thread" [_thread_in_vm, id=25984, stack(0x0000009eac400000,0x0000009eac500000) (1024K)]

Stack: [0x0000009eac400000,0x0000009eac500000]
Native frames: (J=compiled Java code, j=interpreted, Vv=VM code, C=native code)
V  [jvm.dll+0x6cbcf9]
V  [jvm.dll+0x8a5551]
V  [jvm.dll+0x8a7a7e]
V  [jvm.dll+0x8a8153]
V  [jvm.dll+0x27eca6]
V  [jvm.dll+0x6c8445]
V  [jvm.dll+0x6bd13a]
V  [jvm.dll+0x354a0a]
V  [jvm.dll+0x35c5b6]
V  [jvm.dll+0x3adf3e]
V  [jvm.dll+0x3ae1e8]
V  [jvm.dll+0x328bcc]
V  [jvm.dll+0x32972b]
V  [jvm.dll+0x86e7b9]
V  [jvm.dll+0x3bac91]
V  [jvm.dll+0x857973]
V  [jvm.dll+0x44f32e]
V  [jvm.dll+0x450f71]
C  [jli.dll+0x5278]
C  [ucrtbase.dll+0x29333]
C  [KERNEL32.DLL+0x1257d]
C  [ntdll.dll+0x5af08]


---------------  P R O C E S S  ---------------

Threads class SMR info:
_java_thread_list=0x00007ffb78c73088, length=0, elements={
}

Java Threads: ( => current thread )
Total: 0

Other Threads:
  0x00000243cf10f030 WorkerThread "GC Thread#0"                     [id=9360, stack(0x0000009eac500000,0x0000009eac600000) (1024K)]
  0x00000243cf11ff40 ConcurrentGCThread "G1 Main Marker"            [id=10432, stack(0x0000009eac600000,0x0000009eac700000) (1024K)]
  0x00000243cf1211e0 WorkerThread "G1 Conc#0"                       [id=8884, stack(0x0000009eac700000,0x0000009eac800000) (1024K)]

[error occurred during error reporting (printing all threads), id 0xc0000005, EXCEPTION_ACCESS_VIOLATION (0xc0000005) at pc=0x00007ffb7837b4f7]
VM state: not at safepoint (not fully initialized)

VM Mutex/Monitor currently owned by a thread:  ([mutex/lock_event])
[0x00007ffb78ce7408] Heap_lock - owner thread: 0x00000243ccf21980

Heap address: 0x0000000702800000, size: 4056 MB, Compressed Oops mode: Zero based, Oop shift amount: 3

CDS archive(s) mapped at: [0x0000000000000000-0x0000000000000000-0x0000000000000000), size 0, SharedBaseAddress: 0x0000000800000000, ArchiveRelocationMode: 1.
Narrow klass base: 0x0000000000000000, Narrow klass shift: 0, Narrow klass range: 0x0

GC Precious Log:
 CardTable entry size: 512
 Card Set container configuration: InlinePtr #cards 4 size 8 Array Of Cards #cards 16 size 48 Howl #buckets 8 coarsen threshold 3686 Howl Bitmap #cards 512 size 80 coarsen threshold 460 Card regions per heap region 1 cards per card region 4096

Heap:
 garbage-first heap   total 0K, used 0K [0x0000000702800000, 0x0000000800000000)
  region size 2048K, 0 young (0K), 0 survivors (0K)

[error occurred during error reporting (printing heap information), id 0xc0000005, EXCEPTION_ACCESS_VIOLATION (0xc0000005) at pc=0x00007ffb78765669]
GC Heap History (0 events):
No events

Dll operation events (1 events):
Event: 0.005 Loaded shared library C:\Program Files\Eclipse Adoptium\jre-21.0.4.7-hotspot\bin\java.dll

Deoptimization events (0 events):
No events

Classes loaded (0 events):
No events

Classes unloaded (0 events):
No events

Classes redefined (0 events):
No events

Internal exceptions (0 events):
No events

ZGC Phase Switch (0 events):
No events

VM Operations (0 events):
No events

Memory protections (0 events):
No events

Nmethod flushes (0 events):
No events

Events (0 events):
No events


Dynamic libraries:
0x00007ff7c5510000 - 0x00007ff7c551e000 	C:\Program Files\Eclipse Adoptium\jre-21.0.4.7-hotspot\bin\java.exe
0x00007ffbd7c50000 - 0x00007ffbd7e67000 	C:\WINDOWS\SYSTEM32\ntdll.dll
0x00007ffbd6fe0000 - 0x00007ffbd70a4000 	C:\WINDOWS\System32\KERNEL32.DLL
0x00007ffbd5290000 - 0x00007ffbd5647000 	C:\WINDOWS\System32\KERNELBASE.dll
0x00007ffbd56f0000 - 0x00007ffbd5801000 	C:\WINDOWS\System32\ucrtbase.dll
0x00007ffbcbf90000 - 0x00007ffbcbfa8000 	C:\Program Files\Eclipse Adoptium\jre-21.0.4.7-hotspot\bin\jli.dll
0x00007ffbcbf70000 - 0x00007ffbcbf8b000 	C:\Program Files\Eclipse Adoptium\jre-21.0.4.7-hotspot\bin\VCRUNTIME140.dll
0x00007ffbd7630000 - 0x00007ffbd77df000 	C:\WINDOWS\System32\USER32.dll
0x00007ffbd4f60000 - 0x00007ffbd4f86000 	C:\WINDOWS\System32\win32u.dll
0x00007ffbc55c0000 - 0x00007ffbc5853000 	C:\WINDOWS\WinSxS\amd64_microsoft.windows.common-controls_6595b64144ccf1df_6.0.22621.3672_none_2713b9d173822955\COMCTL32.dll
0x00007ffbd5c30000 - 0x00007ffbd5c59000 	C:\WINDOWS\System32\GDI32.dll
0x00007ffbd5ad0000 - 0x00007ffbd5b77000 	C:\WINDOWS\System32\msvcrt.dll
0x00007ffbd50d0000 - 0x00007ffbd51e8000 	C:\WINDOWS\System32\gdi32full.dll
0x00007ffbd5650000 - 0x00007ffbd56ea000 	C:\WINDOWS\System32\msvcp_win.dll
0x00007ffbd6d60000 - 0x00007ffbd6d91000 	C:\WINDOWS\System32\IMM32.DLL
0x00007ffbcf040000 - 0x00007ffbcf04c000 	C:\Program Files\Eclipse Adoptium\jre-21.0.4.7-hotspot\bin\vcruntime140_1.dll
0x00007ffbcb9f0000 - 0x00007ffbcba7e000 	C:\Program Files\Eclipse Adoptium\jre-21.0.4.7-hotspot\bin\msvcp140.dll
0x00007ffb78040000 - 0x00007ffb78dc8000 	C:\Program Files\Eclipse Adoptium\jre-21.0.4.7-hotspot\bin\server\jvm.dll
0x00007ffbd70d0000 - 0x00007ffbd7182000 	C:\WINDOWS\System32\ADVAPI32.dll
0x00007ffbd5a20000 - 0x00007ffbd5ac8000 	C:\WINDOWS\System32\sechost.dll
0x00007ffbd51f0000 - 0x00007ffbd5218000 	C:\WINDOWS\System32\bcrypt.dll
0x00007ffbd6380000 - 0x00007ffbd6494000 	C:\WINDOWS\System32\RPCRT4.dll
0x00007ffbd5980000 - 0x00007ffbd59f1000 	C:\WINDOWS\System32\WS2_32.dll
0x00007ffbcdd90000 - 0x00007ffbcddc4000 	C:\WINDOWS\SYSTEM32\WINMM.dll
0x00007ffbd3dd0000 - 0x00007ffbd3e1d000 	C:\WINDOWS\SYSTEM32\POWRPROF.dll
0x00007ffbcc8e0000 - 0x00007ffbcc8ea000 	C:\WINDOWS\SYSTEM32\VERSION.dll
0x00007ffbd3db0000 - 0x00007ffbd3dc3000 	C:\WINDOWS\SYSTEM32\UMPDC.dll
0x00007ffbd4060000 - 0x00007ffbd4078000 	C:\WINDOWS\SYSTEM32\kernel.appcore.dll
0x00007ffbce0d0000 - 0x00007ffbce0da000 	C:\Program Files\Eclipse Adoptium\jre-21.0.4.7-hotspot\bin\jimage.dll
0x00007ffbd2850000 - 0x00007ffbd2a82000 	C:\WINDOWS\SYSTEM32\DBGHELP.DLL
0x00007ffbd71a0000 - 0x00007ffbd752e000 	C:\WINDOWS\System32\combase.dll
0x00007ffbd6140000 - 0x00007ffbd6217000 	C:\WINDOWS\System32\OLEAUT32.dll
0x00007ffbcc250000 - 0x00007ffbcc282000 	C:\WINDOWS\SYSTEM32\dbgcore.DLL
0x00007ffbd4f90000 - 0x00007ffbd500b000 	C:\WINDOWS\System32\bcryptPrimitives.dll
0x00007ffbcbf20000 - 0x00007ffbcbf3f000 	C:\Program Files\Eclipse Adoptium\jre-21.0.4.7-hotspot\bin\java.dll

dbghelp: loaded successfully - version: 4.0.5 - missing functions: none
symbol engine: initialized successfully - sym options: 0x614 - pdb path: .;C:\Program Files\Eclipse Adoptium\jre-21.0.4.7-hotspot\bin;C:\WINDOWS\SYSTEM32;C:\WINDOWS\WinSxS\amd64_microsoft.windows.common-controls_6595b64144ccf1df_6.0.22621.3672_none_2713b9d173822955;C:\Program Files\Eclipse Adoptium\jre-21.0.4.7-hotspot\bin\server

VM Arguments:
jvm_args: -XX:+ShowCodeDetailsInExceptionMessages 
java_command: com.example.chatapp.ChatappApplication
java_class_path (initial): E:\Myprojects\ChatApp\chatapp\target\classes;C:\Users\91742\.m2\repository\org\springframework\boot\spring-boot-starter-websocket\3.3.4\spring-boot-starter-websocket-3.3.4.jar;C:\Users\91742\.m2\repository\org\springframework\spring-messaging\6.1.13\spring-messaging-6.1.13.jar;C:\Users\91742\.m2\repository\org\springframework\spring-beans\6.1.13\spring-beans-6.1.13.jar;C:\Users\91742\.m2\repository\org\springframework\spring-websocket\6.1.13\spring-websocket-6.1.13.jar;C:\Users\91742\.m2\repository\org\springframework\spring-context\6.1.13\spring-context-6.1.13.jar;C:\Users\91742\.m2\repository\org\springframework\boot\spring-boot-starter-web\3.3.4\spring-boot-starter-web-3.3.4.jar;C:\Users\91742\.m2\repository\org\springframework\boot\spring-boot-starter\3.3.4\spring-boot-starter-3.3.4.jar;C:\Users\91742\.m2\repository\org\springframework\boot\spring-boot\3.3.4\spring-boot-3.3.4.jar;C:\Users\91742\.m2\repository\org\springframework\boot\spring-boot-autoconfigure\3.3.4\spring-boot-autoconfigure-3.3.4.jar;C:\Users\91742\.m2\repository\org\springframework\boot\spring-boot-starter-logging\3.3.4\spring-boot-starter-logging-3.3.4.jar;C:\Users\91742\.m2\repository\ch\qos\logback\logback-classic\1.5.8\logback-classic-1.5.8.jar;C:\Users\91742\.m2\repository\ch\qos\logback\logback-core\1.5.8\logback-core-1.5.8.jar;C:\Users\91742\.m2\repository\org\apache\logging\log4j\log4j-to-slf4j\2.23.1\log4j-to-slf4j-2.23.1.jar;C:\Users\91742\.m2\repository\org\apache\logging\log4j\log4j-api\2.23.1\log4j-api-2.23.1.jar;C:\Users\91742\.m2\repository\org\slf4j\jul-to-slf4j\2.0.16\jul-to-slf4j-2.0.16.jar;C:\Users\91742\.m2\repository\jakarta\annotation\jakarta.annotation-api\2.1.1\jakarta.annotation-api-2.1.1.jar;C:\Users\91742\.m2\repository\org\yaml\snakeyaml\2.2\snakeyaml-2.2.jar;C:\Users\91742\.m2\repository\org\springframework\boot\spring-boot-starter-json\3.3.4\spring-boot-starter-json-3.3.4.jar;C:\Users\91742\.m2\repository\com\fasterxml\jackson\core\jackson-databind\2.17.2\jackson-databind-2.17.2.jar;C:\Users\91742\.m2\repository\com\fasterxml\jackson\core\jackson-annotations\2.17.2\jackson-annotations-2.17.2.jar;C:\Users\91742\.m2\repository\com\fasterxml\jackson\core\jackson-core\2.17.2\jackson-core-2.17.2.jar;C:\Users\91742\.m2\repository\com\fasterxml\jackson\datatype\jackson-datatype-jdk8\2.17.2\jackson-datatype-jdk8-2.17.2.jar;C:\Users\91742\.m2\repository\com\fasterxml\jackson\datatype\jackson-datatype-jsr310\2.17.2\jackson-datatype-jsr310-2.17.2.jar;C:\Users\91742\.m2\repository\com\fasterxml\jackson\module\jackson-module-parameter-names\2.17.2\jackson-module-parameter-names-2.17.2.jar;C:\Users\91742\.m2\repository\org\springframework\boot\spring-boot-starter-tomcat\3.3.4\spring-boot-starter-tomcat-3.3.4.jar;C:\Users\91742\.m2\repository\org\apache\tomcat\embed\tomcat-embed-core\10.1.30\tomcat-embed-core-10.1.30.jar;C:\Users\91742\.m2\repository\org\apache\tomcat\embed\tomcat-embed-el\10.1.30\tomcat-embed-el-10.1.30.jar;C:\Users\91742\.m2\repository\org\apache\tomcat\embed\tomcat-embed-websocket\10.1.30\tomcat-embed-websocket-10.1.30.jar;C:\Users\91742\.m2\repository\org\springframework\spring-web\6.1.13\spring-web-6.1.13.jar;C:\Users\91742\.m2\repository\io\micrometer\micrometer-observation\1.13.4\micrometer-observation-1.13.4.jar;C:\Users\91742\.m2\repository\io\micrometer\micrometer-commons\1.13.4\micrometer-commons-1.13.4.jar;C:\Users\91742\.m2\repository\org\springframework\spring-webmvc\6.1.13\spring-webmvc-6.1.13.jar;C:\Users\91742\.m2\repository\org\springframework\spring-aop\6.1.13\spring-aop-6.1.13.jar;C:\Users\91742\.m2\repository\org\springframework\spring-expression\6.1.13\spring-expression-6.1.13.jar;C:\Users\91742\.m2\repository\org\slf4j\slf4j-api\2.0.16\slf4j-api-2.0.16.jar;C:\Users\91742\.m2\repository\org\springframework\spring-core\6.1.13\spring-core-6.1.13.jar;C:\Users\91742\.m2\repository\org\springframework\spring-jcl\6.1.13\spring-jcl-6.1.13.jar
Launcher Type: SUN_STANDARD

[Global flags]
     intx CICompilerCount                          = 4                                         {product} {ergonomic}
     uint ConcGCThreads                            = 2                                         {product} {ergonomic}
     uint G1ConcRefinementThreads                  = 8                                         {product} {ergonomic}
   size_t G1HeapRegionSize                         = 2097152                                   {product} {ergonomic}
    uintx GCDrainStackTargetSize                   = 64                                        {product} {ergonomic}
   size_t InitialHeapSize                          = 266338304                                 {product} {ergonomic}
   size_t MarkStackSize                            = 4194304                                   {product} {ergonomic}
   size_t MaxHeapSize                              = 4253024256                                {product} {ergonomic}
   size_t MinHeapDeltaBytes                        = 2097152                                   {product} {ergonomic}
   size_t MinHeapSize                              = 8388608                                   {product} {ergonomic}
    uintx NonNMethodCodeHeapSize                   = 5839372                                {pd product} {ergonomic}
    uintx NonProfiledCodeHeapSize                  = 122909434                              {pd product} {ergonomic}
    uintx ProfiledCodeHeapSize                     = 122909434                              {pd product} {ergonomic}
    uintx ReservedCodeCacheSize                    = 251658240                              {pd product} {ergonomic}
     bool SegmentedCodeCache                       = true                                      {product} {ergonomic}
     bool ShowCodeDetailsInExceptionMessages       = true                                   {manageable} {command line}
   size_t SoftMaxHeapSize                          = 4253024256                             {manageable} {ergonomic}
     bool UseCompressedOops                        = true                           {product lp64_product} {ergonomic}
     bool UseG1GC                                  = true                                      {product} {ergonomic}
     bool UseLargePagesIndividualAllocation        = false                                  {pd product} {ergonomic}

Logging:
Log output configuration:
 #0: stdout all=warning uptime,level,tags foldmultilines=false
 #1: stderr all=off uptime,level,tags foldmultilines=false

Environment Variables:
PATH=C:\Program Files\Eclipse Adoptium\jre-21.0.4.7-hotspot\bin;C:\Program Files\Common Files\Oracle\Java\javapath;C:\Program Files (x86)\Common Files\Oracle\Java\java8path;C:\Program Files (x86)\Common Files\Oracle\Java\javapath;C:\Windows\system32;C:\Windows;C:\Windows\System32\Wbem;C:\Windows\System32\WindowsPowerShell\v1.0\;C:\Windows\System32\OpenSSH\;C:\Program Files (x86)\NVIDIA Corporation\PhysX\Common;C:\Program Files\NVIDIA Corporation\NVIDIA NvDLISR;C:\WINDOWS\system32;C:\WINDOWS;C:\WINDOWS\System32\Wbem;C:\WINDOWS\System32\WindowsPowerShell\v1.0\;C:\WINDOWS\System32\OpenSSH\;C:\Program Files\php-8.3.4;C:\Program Files\dotnet\;C:\Program Files\nodejs\;C:\Program Files\php-8.3.4;C:\Program Files\MongoDB\Server\7.0\bin;C:\Program Files\MongoDB\Tools\100\bin;C:\Program Files\Git\cmd;C:\Program Files\Git\mingw64\bin;C:\Program Files\Git\usr\bin;C:\Program Files\Docker\Docker\resources\bin;C:\Users\91742\AppData\Local\Programs\Python\Python312\Scripts\;C:\Users\91742\AppData\Local\Programs\Python\Python312\;C:\Users\91742\AppData\Local\Microsoft\WindowsApps;C:\Users\91742\myenv\Lib\site-packages\uwsgi-2.0.24;C:\Program Files\Java\jdk-21\bin\java;C:\Program Files\Java\jre-1.8\bin;C:\Users\91742\AppData\Roaming\npm;C:\Program Files\JetBrains\PyCharm Community Edition 2022.2.1\bin;;C:\Users\91742\AppData\Local\Programs\Microsoft VS Code\bin;C:\Users\91742\Downloads\apache-maven-3.9.9-bin\apache-maven-3.9.9\bin;C:\Users\91742\Downloads\gradle-8.10.2-all\gradle-8.10.2\bin;C:\Users\91742\Downloads\spring-boot-cli-3.3.4-bin\spring-3.3.4\bin;
USERNAME=91742
LANG=en_US.UTF-8
OS=Windows_NT
PROCESSOR_IDENTIFIER=Intel64 Family 6 Model 165 Stepping 2, GenuineIntel
TMP=C:\Users\91742\AppData\Local\Temp
TEMP=C:\Users\91742\AppData\Local\Temp




Periodic native trim disabled

---------------  S Y S T E M  ---------------

OS:
 Windows 11 , 64 bit Build 22621 (10.0.22621.3958)
OS uptime: 1 days 7:46 hours
Hyper-V role detected

CPU: total 8 (initial active 8) (4 cores per cpu, 2 threads per core) family 6 model 165 stepping 2 microcode 0xe0, cx8, cmov, fxsr, ht, mmx, 3dnowpref, sse, sse2, sse3, ssse3, sse4.1, sse4.2, popcnt, lzcnt, tsc, tscinvbit, avx, avx2, aes, erms, clmul, bmi1, bmi2, adx, fma, vzeroupper, clflush, clflushopt, hv, rdtscp, f16c
Processor Information for all 8 processors :
  Max Mhz: 2496, Current Mhz: 2496, Mhz Limit: 2496

Memory: 4k page, system-wide physical 16221M (4902M free)
TotalPageFile size 18269M (AvailPageFile size 232M)
current process WorkingSet (physical memory assigned to process): 11M, peak: 11M
current process commit charge ("private bytes"): 60M, peak: 314M

vm_info: OpenJDK 64-Bit Server VM (21.0.4+7-LTS) for windows-amd64 JRE (21.0.4+7-LTS), built on 2024-07-16T00:00:00Z by "admin" with MS VC++ 17.7 (VS2022)

END.
